<?xml version="1.0" encoding="UTF-8"?>
<!-- Generated by org.testng.reporters.JUnitReportReporter -->
<testsuite hostname="GoluDesktop" failures="0" tests="1" name="testCases.TC001_SmokeTest" time="2.663" errors="0" timestamp="2025-05-04T19:07:10 IST" skipped="0">
  <testcase classname="testCases.TC001_SmokeTest" name="HomePageClick" time="2.663"/>
</testsuite> <!-- testCases.TC001_SmokeTest -->
